16-02-2021 12:01:51 INFO [Test_Suit  ]: Total links are 125
16-02-2021 12:01:52 INFO [Test_Suit  ]: https://moengage.com/?utm_source=EarlySalary&utm_medium=soft_ask - OK
16-02-2021 12:01:52 INFO [Test_Suit  ]: https://www.earlysalary.com/products/instant-cash/ - OK
16-02-2021 12:01:53 INFO [Test_Suit  ]: https://www.earlysalary.com/personal-loans/ - OK
16-02-2021 12:01:53 INFO [Test_Suit  ]: https://www.earlysalary.com/financial-wellness/ - OK
16-02-2021 12:01:53 INFO [Test_Suit  ]: https://portal.earlysalary.com/SignUp - Not Found
16-02-2021 12:01:53 INFO [Test_Suit  ]: https://www.earlysalary.com/blogs/ - OK
16-02-2021 12:01:53 INFO [Test_Suit  ]: https://portal.earlysalary.com/SignUp - Not Found
16-02-2021 12:01:53 INFO [Test_Suit  ]: https://portal.earlysalary.com/SignUp - Not Found
16-02-2021 12:01:54 INFO [Test_Suit  ]: https://www.earlysalary.com/products/salarycard - OK
16-02-2021 12:01:54 INFO [Test_Suit  ]: https://www.earlysalary.com/products/instant-cash/ - OK
16-02-2021 12:01:54 INFO [Test_Suit  ]: https://www.earlysalary.com/products/ - OK
16-02-2021 12:01:54 INFO [Test_Suit  ]: https://www.earlysalary.com/products/travel/ - OK
16-02-2021 12:01:54 INFO [Test_Suit  ]: https://www.earlysalary.com/products/education/ - OK
16-02-2021 12:01:55 INFO [Test_Suit  ]: https://portal.earlysalary.com/SignUp - Not Found
16-02-2021 12:01:55 INFO [Test_Suit  ]: https://testblog.earlysalary.com/encyclopedia/emi/ - OK
16-02-2021 12:01:57 INFO [Test_Suit  ]: https://testblog.earlysalary.com/encyclopedia/emi/ - OK
16-02-2021 12:01:58 INFO [Test_Suit  ]: https://testblog.earlysalary.com/encyclopedia/kyc/ - OK
16-02-2021 12:01:59 INFO [Test_Suit  ]: https://www.earlysalary.com/# - OK
16-02-2021 12:01:59 INFO [Test_Suit  ]: https://www.earlysalary.com/# - OK
16-02-2021 12:01:59 INFO [Test_Suit  ]: https://www.earlysalary.com/blogs/5-tax-tips-your-workforce-should-know - OK
16-02-2021 12:01:59 INFO [Test_Suit  ]: https://www.earlysalary.com/blogs/earlysalary-your-one-click-solution-for-instant-loans - OK
16-02-2021 12:01:59 INFO [Test_Suit  ]: https://www.earlysalary.com/blogs/how-to-get-personal-loans-without-a-credit-score - OK
16-02-2021 12:01:59 INFO [Test_Suit  ]: https://www.earlysalary.com/blogs - OK
16-02-2021 12:02:00 INFO [Test_Suit  ]: https://www.earlysalary.com/blogs - OK
16-02-2021 12:02:22 INFO [Test_Suit  ]: https://timesofindia.indiatimes.com/people/a-loan-in-seconds-that-was-our-goal-akshay-mehrotra-co-founder-ceo-earlysalary/articleshow/69616967.cms - Not Found
16-02-2021 12:02:22 INFO [Test_Suit  ]: https://www.outlookindia.com/newsscroll/kyc-market-leader-hyperverge-enters-vkyc-with-sbi-card-as-marquee-customer/1895739 - OK
16-02-2021 12:02:23 INFO [Test_Suit  ]: https://tech.economictimes.indiatimes.com/news/internet/credit-demand-is-up-but-fintech-lenders-cant-raise-low-cost-debt/77072325 - Not Found
16-02-2021 12:02:24 INFO [Test_Suit  ]: https://www.sakaltimes.com/pune/india-inc-cheers-finance-minister-package-announcement-50038 - Forbidden
16-02-2021 12:02:24 INFO [Test_Suit  ]: https://yourstory.com/2020/07/funding-alert-edtech-startup-inurture-debt-blacksoil - OK
16-02-2021 12:02:24 INFO [Test_Suit  ]: https://www.earlysalary.com/personal-loan-in-india/ahmedabad - OK
16-02-2021 12:02:24 INFO [Test_Suit  ]: https://www.earlysalary.com/personal-loan-in-india/bangalore - OK
16-02-2021 12:02:25 INFO [Test_Suit  ]: https://www.earlysalary.com/personal-loan-in-india/chennai - OK
16-02-2021 12:02:25 INFO [Test_Suit  ]: https://www.earlysalary.com/personal-loan-in-india/delhi-ncr - OK
16-02-2021 12:02:25 INFO [Test_Suit  ]: https://www.earlysalary.com/personal-loan-in-india/hyderabad - OK
16-02-2021 12:02:25 INFO [Test_Suit  ]: https://www.earlysalary.com/personal-loan-in-india/jaipur - OK
16-02-2021 12:02:25 INFO [Test_Suit  ]: https://www.earlysalary.com/personal-loan-in-india/kolkata - OK
16-02-2021 12:02:26 INFO [Test_Suit  ]: https://www.earlysalary.com/personal-loan-in-india/mumbai - OK
16-02-2021 12:02:26 INFO [Test_Suit  ]: https://www.earlysalary.com/personal-loan-in-india/pune - OK
16-02-2021 12:02:26 INFO [Test_Suit  ]: https://www.earlysalary.com/instant-cash-loan/emi-calculator - Unknown
16-02-2021 12:02:26 INFO [Test_Suit  ]: https://www.earlysalary.com/personal-loans/auto-loan/emi-calculator - OK
16-02-2021 12:02:27 INFO [Test_Suit  ]: https://www.earlysalary.com/personal-loans/emi-calculator - OK
16-02-2021 12:02:27 INFO [Test_Suit  ]: https://www.earlysalary.com/personal-loans/education-loan/emi-calculator - OK
16-02-2021 12:02:27 INFO [Test_Suit  ]: https://www.earlysalary.com/instant-cash-loan/eligibility-criteria - Unknown
16-02-2021 12:02:27 INFO [Test_Suit  ]: https://www.earlysalary.com/personal-loans/eligibility-criteria - OK
16-02-2021 12:02:27 INFO [Test_Suit  ]: https://www.earlysalary.com/salary-advance/eligibility-criteria - OK
16-02-2021 12:02:28 INFO [Test_Suit  ]: https://www.earlysalary.com/personal-loans/travel-loan/eligibility-criteria - OK
16-02-2021 12:02:28 INFO [Test_Suit  ]: https://www.earlysalary.com/instant-cash-loan/document-required - Unknown
16-02-2021 12:02:28 INFO [Test_Suit  ]: https://www.earlysalary.com/personal-loans/document-required - OK
16-02-2021 12:02:29 INFO [Test_Suit  ]: https://www.earlysalary.com/salary-advance/document-required - OK
16-02-2021 12:02:29 INFO [Test_Suit  ]: https://www.earlysalary.com/personal-loans/travel-loan/document-required - OK
16-02-2021 12:02:29 INFO [Test_Suit  ]: https://www.earlysalary.com/products - OK
16-02-2021 12:02:29 INFO [Test_Suit  ]: https://www.earlysalary.com/products/amazon - OK
16-02-2021 12:02:29 INFO [Test_Suit  ]: https://www.earlysalary.com/products/flipkart - OK
16-02-2021 12:02:29 INFO [Test_Suit  ]: https://www.earlysalary.com/products/travel - OK
16-02-2021 12:02:30 INFO [Test_Suit  ]: https://www.earlysalary.com/products/make-my-trip - OK
16-02-2021 12:02:30 INFO [Test_Suit  ]: https://www.earlysalary.com/personal-loans/auto-loan - OK
16-02-2021 12:02:30 INFO [Test_Suit  ]: https://www.earlysalary.com/personal-loans/auto-loan/two-wheeler-loan - OK
16-02-2021 12:02:30 INFO [Test_Suit  ]: https://www.earlysalary.com/personal-loans/auto-loan/used-car-loan - OK
16-02-2021 12:02:31 INFO [Test_Suit  ]: https://www.earlysalary.com/personal-loans/electronics-loan - OK
16-02-2021 12:02:31 INFO [Test_Suit  ]: https://www.earlysalary.com/personal-loans/electronics-loan/smart-tv-loan - OK
16-02-2021 12:02:31 INFO [Test_Suit  ]: https://www.earlysalary.com/personal-loans/electronics-loan/refrigerator-loan - OK
16-02-2021 12:02:31 INFO [Test_Suit  ]: https://www.earlysalary.com/personal-loans/electronics-loan/washing-machine-loan - OK
16-02-2021 12:02:32 INFO [Test_Suit  ]: https://www.earlysalary.com/personal-loans/electronics-loan/ac-loan - OK
16-02-2021 12:02:32 INFO [Test_Suit  ]: https://www.earlysalary.com/personal-loans/electronics-loan/kitchen-appliances-loan - OK
16-02-2021 12:02:32 INFO [Test_Suit  ]: https://www.earlysalary.com/personal-loans/electronics-loan/laptop-loan - OK
16-02-2021 12:02:32 INFO [Test_Suit  ]: https://www.earlysalary.com/products/education - OK
16-02-2021 12:02:33 INFO [Test_Suit  ]: https://www.earlysalary.com/personal-loans/wedding-loan - OK
16-02-2021 12:02:33 INFO [Test_Suit  ]: https://www.earlysalary.com/personal-loans/home-renovation - OK
16-02-2021 12:02:33 INFO [Test_Suit  ]: https://www.earlysalary.com/personal-loans/medical-loan - OK
16-02-2021 12:02:33 INFO [Test_Suit  ]: https://www.earlysalary.com/instant-cash-loan/delhi-ncr - Unknown
16-02-2021 12:02:33 INFO [Test_Suit  ]: https://www.earlysalary.com/instant-cash-loan/bangalore - Unknown
16-02-2021 12:02:34 INFO [Test_Suit  ]: https://www.earlysalary.com/instant-cash-loan/mumbai - Unknown
16-02-2021 12:02:34 INFO [Test_Suit  ]: https://www.earlysalary.com/instant-cash-loan/chennai - Unknown
16-02-2021 12:02:34 INFO [Test_Suit  ]: https://www.earlysalary.com/instant-cash-loan/hyderabad - Unknown
16-02-2021 12:02:35 INFO [Test_Suit  ]: https://www.earlysalary.com/instant-cash-loan/kolkata - Unknown
16-02-2021 12:02:35 INFO [Test_Suit  ]: https://www.earlysalary.com/personal-loans/salaried-professional - OK
16-02-2021 12:02:35 INFO [Test_Suit  ]: https://www.earlysalary.com/personal-loans/government-employee - OK
16-02-2021 12:02:35 INFO [Test_Suit  ]: https://www.earlysalary.com/instant-loan-app - OK
16-02-2021 12:02:35 INFO [Test_Suit  ]: https://www.earlysalary.com/salary-advance-app - OK
16-02-2021 12:02:35 INFO [Test_Suit  ]: https://www.earlysalary.com/personal-loan-app - OK
16-02-2021 12:02:35 INFO [Test_Suit  ]: https://www.earlysalary.com/faircodepractices - OK
16-02-2021 12:02:35 INFO [Test_Suit  ]: https://www.earlysalary.com/terms-conditions - OK
16-02-2021 12:02:36 INFO [Test_Suit  ]: https://www.earlysalary.com/amazonpaygiftcard-tnc - OK
16-02-2021 12:02:36 INFO [Test_Suit  ]: https://www.earlysalary.com/privacy-policy - OK
16-02-2021 12:02:36 INFO [Test_Suit  ]: https://www.earlysalary.com/new-policy - OK
16-02-2021 12:02:36 INFO [Test_Suit  ]: https://www.earlysalary.com/moratorium-policy - OK
16-02-2021 12:02:36 INFO [Test_Suit  ]: https://www.earlysalary.com/moratorium-terms - OK
16-02-2021 12:02:37 INFO [Test_Suit  ]: https://www.earlysalary.com/face/code-conduct - OK
16-02-2021 12:02:37 INFO [Test_Suit  ]: https://www.earlysalary.com/our-lending-partners - OK
16-02-2021 12:02:37 INFO [Test_Suit  ]: https://www.earlysalary.com/products/instant-cash - OK
16-02-2021 12:02:37 INFO [Test_Suit  ]: https://www.earlysalary.com/personal-loans - OK
16-02-2021 12:02:37 INFO [Test_Suit  ]: https://www.earlysalary.com/free-credit-score - OK
16-02-2021 12:02:37 INFO [Test_Suit  ]: https://www.earlysalary.com/salary-advance - OK
16-02-2021 12:02:37 INFO [Test_Suit  ]: https://www.earlysalary.com/products/salarycard - OK
16-02-2021 12:02:38 INFO [Test_Suit  ]: https://www.earlysalary.com/founders - OK
16-02-2021 12:02:38 INFO [Test_Suit  ]: https://www.earlysalary.com/news - OK
16-02-2021 12:02:38 INFO [Test_Suit  ]: https://www.earlysalary.com/FAQ - OK
16-02-2021 12:02:38 INFO [Test_Suit  ]: https://www.earlysalary.com/glossary - OK
16-02-2021 12:02:38 INFO [Test_Suit  ]: https://www.earlysalary.com/blogs - OK
16-02-2021 12:04:08 INFO [Test_Suit  ]: https://www.earlysalary.com/sitemap.xml - Gateway Time-out
16-02-2021 12:04:09 INFO [Test_Suit  ]: https://www.earlysalary.com/about-us - OK
16-02-2021 12:04:09 INFO [Test_Suit  ]: https://www.earlysalary.com/founders - OK
16-02-2021 12:04:09 INFO [Test_Suit  ]: https://www.earlysalary.com/contact-us - OK
16-02-2021 12:04:09 INFO [Test_Suit  ]: https://www.earlysalary.com/SignUp - OK
16-02-2021 12:04:10 INFO [Test_Suit  ]: https://play.google.com/store/apps/details?id=com.earlysalary.android&hl=en_IN - Not Found
16-02-2021 12:04:10 INFO [Test_Suit  ]: https://itunes.apple.com/in/app/earlysalary-salary-advance-app/id1094602630?mt=8 - OK
16-02-2021 12:04:11 INFO [Test_Suit  ]: https://www.facebook.com/EarlySalary/ - Not Found
16-02-2021 12:04:12 INFO [Test_Suit  ]: https://twitter.com/Early_Salary - Bad Request
16-02-2021 12:04:12 INFO [Test_Suit  ]: https://www.linkedin.com/company/early-salary/ - Request denied
16-02-2021 12:04:12 INFO [Test_Suit  ]: https://www.earlysalary.com/about-us - OK
16-02-2021 12:04:13 INFO [Test_Suit  ]: https://www.earlysalary.com/career - OK
16-02-2021 12:04:13 INFO [Test_Suit  ]: https://www.earlysalary.com/contact-us - OK
16-02-2021 12:04:13 INFO [Test_Suit  ]: https://play.google.com/store/apps/details?id=com.earlysalary.android&hl=en_IN - Not Found
16-02-2021 12:04:13 INFO [Test_Suit  ]: https://itunes.apple.com/in/app/earlysalary-salary-advance-app/id1094602630?mt=8 - OK
16-02-2021 12:04:13 INFO [Test_Suit  ]: -------End of Test-------
